TN:
SF:lib/data.js
FN:2,(anonymous_0)
FNF:1
FNH:1
FNDA:24,(anonymous_0)
DA:2,2
DA:3,24
DA:5,2
DA:6,2
DA:7,2
DA:8,2
DA:9,2
DA:10,2
DA:11,2
DA:12,2
DA:13,2
DA:14,2
DA:15,2
DA:16,2
DA:17,2
DA:18,2
DA:19,2
DA:20,2
DA:21,2
DA:22,2
DA:23,2
DA:24,2
DA:36,2
LF:23
LH:23
BRDA:2,0,0,2
BRDA:2,0,1,2
BRDA:2,0,2,2
BRDA:3,1,0,0
BRDA:3,1,1,24
BRDA:3,2,0,24
BRDA:3,2,1,24
BRF:7
BRH:6
end_of_record
TN:
SF:lib/index.js
FN:2,(anonymous_0)
FN:6,(anonymous_1)
FN:9,(anonymous_2)
FN:13,(anonymous_3)
FNF:4
FNH:3
FNDA:10,(anonymous_0)
FNDA:123,(anonymous_1)
FNDA:0,(anonymous_2)
FNDA:4,(anonymous_3)
DA:2,2
DA:3,10
DA:4,10
DA:5,10
DA:6,123
DA:8,10
DA:10,0
DA:11,0
DA:13,2
DA:14,10
DA:16,2
DA:17,2
DA:18,2
LF:13
LH:11
BRDA:2,0,0,2
BRDA:2,0,1,2
BRDA:2,0,2,2
BRDA:2,1,0,2
BRDA:2,1,1,0
BRDA:3,2,0,10
BRDA:3,2,1,0
BRDA:5,3,0,10
BRDA:5,3,1,0
BRDA:5,4,0,10
BRDA:5,4,1,10
BRDA:5,5,0,0
BRDA:5,5,1,10
BRDA:5,6,0,10
BRDA:5,6,1,0
BRDA:10,7,0,0
BRDA:10,7,1,0
BRDA:13,8,0,2
BRDA:13,8,1,2
BRDA:13,8,2,2
BRDA:14,9,0,10
BRDA:14,9,1,0
BRDA:14,10,0,10
BRDA:14,10,1,10
BRF:24
BRH:16
end_of_record
TN:
SF:lib/types.js
FN:8,(anonymous_0)
FN:26,(anonymous_1)
FNF:2
FNH:2
FNDA:2,(anonymous_0)
FNDA:2,(anonymous_1)
DA:2,2
DA:3,2
DA:8,2
DA:12,2
DA:16,2
DA:20,2
DA:26,2
DA:30,2
DA:34,2
DA:38,2
DA:42,2
DA:46,2
DA:50,2
DA:54,2
DA:58,2
DA:62,2
DA:66,2
LF:17
LH:17
BRDA:21,0,0,2
BRDA:21,0,1,2
BRDA:67,1,0,2
BRDA:67,1,1,2
BRF:4
BRH:4
end_of_record
TN:
SF:src/io.ts
FN:20,loadJSON
FN:24,saveLibJSON
FN:28,readDir
FN:30,(anonymous_3)
FN:32,(anonymous_4)
FN:40,createDirIfNotExist
FNF:6
FNH:6
FNDA:41,loadJSON
FNDA:1,saveLibJSON
FNDA:37,readDir
FNDA:448,(anonymous_3)
FNDA:448,(anonymous_4)
FNDA:2,createDirIfNotExist
DA:1,4
DA:10,4
DA:12,4
DA:13,4
DA:20,4
DA:21,41
DA:24,4
DA:25,1
DA:28,4
DA:29,37
DA:30,448
DA:32,448
DA:40,4
DA:41,2
DA:42,1
DA:43,1
DA:45,1
LF:17
LH:17
BRDA:33,0,0,384
BRDA:33,0,1,64
BRDA:34,1,0,64
BRDA:34,1,1,384
BRDA:41,2,0,1
BRF:5
BRH:5
end_of_record
TN:
SF:src/build/buildJSONs.ts
FN:8,mapLabels
FN:10,(anonymous_1)
FN:21,mapVehicles
FN:23,(anonymous_3)
FN:36,readOverlay
FN:40,mapSights
FN:46,(anonymous_6)
FN:60,buildJSONs
FN:72,(anonymous_8)
FNF:9
FNH:9
FNDA:4,mapLabels
FNDA:8,(anonymous_1)
FNDA:4,mapVehicles
FNDA:8,(anonymous_3)
FNDA:80,readOverlay
FNDA:40,mapSights
FNDA:80,(anonymous_6)
FNDA:4,buildJSONs
FNDA:40,(anonymous_8)
DA:1,1
DA:2,1
DA:3,1
DA:6,1
DA:9,4
DA:10,8
DA:22,4
DA:23,8
DA:37,80
DA:45,40
DA:46,80
DA:60,1
DA:61,4
DA:62,4
DA:64,4
DA:65,4
DA:66,4
DA:68,4
DA:69,4
DA:70,4
DA:72,4
DA:73,40
DA:76,40
DA:77,40
DA:78,40
LF:25
LH:25
BRF:0
BRH:0
end_of_record
TN:
SF:src/build/generateTypeScript.ts
FN:9,createVehicleImportStatement
FN:13,createVehicleExportStatement
FN:17,generateIndex
FN:24,generateData
FN:27,(anonymous_4)
FNF:5
FNH:5
FNDA:20,createVehicleImportStatement
FNDA:20,createVehicleExportStatement
FNDA:2,generateIndex
FNDA:2,generateData
FNDA:20,(anonymous_4)
DA:1,1
DA:2,1
DA:3,1
DA:5,1
DA:6,1
DA:7,1
DA:10,20
DA:14,20
DA:17,1
DA:18,2
DA:21,2
DA:24,1
DA:25,2
DA:26,2
DA:27,2
DA:28,20
DA:29,20
DA:31,2
DA:34,2
DA:37,2
LF:20
LH:20
BRF:0
BRH:0
end_of_record
TN:
SF:src/lib/data.ts
FNF:0
FNH:0
DA:1,2
DA:8,2
DA:9,2
DA:10,2
DA:11,2
DA:12,2
DA:13,2
DA:14,2
DA:15,2
DA:16,2
DA:17,2
DA:18,2
DA:19,2
DA:21,2
DA:22,2
DA:23,2
DA:37,2
DA:38,2
DA:39,2
LF:19
LH:19
BRF:0
BRH:0
end_of_record
TN:
SF:src/lib/index.ts
FNF:0
FNH:0
DA:1,2
DA:2,2
LF:2
LH:2
BRF:0
BRH:0
end_of_record
TN:
SF:src/lib/types.ts
FN:4,(anonymous_0)
FN:22,(anonymous_1)
FNF:2
FNH:2
FNDA:4,(anonymous_0)
FNDA:4,(anonymous_1)
DA:4,4
DA:8,4
DA:12,4
DA:16,4
DA:22,4
DA:26,4
DA:30,4
DA:34,4
DA:38,4
DA:42,4
DA:46,4
DA:50,4
DA:54,4
DA:58,4
DA:62,4
LF:15
LH:15
BRDA:4,0,0,4
BRDA:4,0,1,4
BRDA:22,1,0,4
BRDA:22,1,1,4
BRF:4
BRH:4
end_of_record
TN:
SF:src/validate/additionalValidation.ts
FN:37,validateVehicleTypeFileNames
FN:40,(anonymous_1)
FN:53,(anonymous_2)
FN:61,(anonymous_3)
FN:62,(anonymous_4)
FN:63,(anonymous_5)
FN:71,(anonymous_6)
FN:74,validateMirrorSight
FN:88,validateMissingOverlays
FN:98,validateMinifiedOverlays
FN:105,(anonymous_10)
FN:112,validateUnusedOverlays
FN:117,(anonymous_12)
FN:118,(anonymous_13)
FN:125,printResults
FN:138,(anonymous_15)
FN:146,(anonymous_16)
FN:158,(anonymous_17)
FN:166,(anonymous_18)
FN:174,(anonymous_19)
FN:182,validateAdditionalRules
FN:191,(anonymous_21)
FN:196,(anonymous_22)
FN:217,(anonymous_23)
FNF:24
FNH:17
FNDA:11,validateVehicleTypeFileNames
FNDA:110,(anonymous_1)
FNDA:37,(anonymous_2)
FNDA:23,(anonymous_3)
FNDA:12,(anonymous_4)
FNDA:1,(anonymous_5)
FNDA:0,(anonymous_6)
FNDA:334,validateMirrorSight
FNDA:334,validateMissingOverlays
FNDA:334,validateMinifiedOverlays
FNDA:665,(anonymous_10)
FNDA:16,validateUnusedOverlays
FNDA:323,(anonymous_12)
FNDA:5810,(anonymous_13)
FNDA:0,printResults
FNDA:0,(anonymous_15)
FNDA:0,(anonymous_16)
FNDA:0,(anonymous_17)
FNDA:0,(anonymous_18)
FNDA:0,(anonymous_19)
FNDA:11,validateAdditionalRules
FNDA:18,(anonymous_21)
FNDA:334,(anonymous_22)
FNDA:28,(anonymous_23)
DA:1,2
DA:2,2
DA:3,2
DA:4,2
DA:38,11
DA:39,11
DA:40,11
DA:41,110
DA:42,1
DA:46,109
DA:47,1
DA:53,11
DA:54,37
DA:55,1
DA:60,36
DA:61,23
DA:62,12
DA:64,1
DA:71,11
DA:78,334
DA:79,3
DA:85,331
DA:92,334
DA:93,1
DA:95,333
DA:102,334
DA:103,334
DA:104,333
DA:105,665
DA:106,1
DA:109,333
DA:116,16
DA:117,16
DA:118,5810
DA:119,1
DA:122,16
DA:126,0
DA:128,0
DA:135,0
DA:136,0
DA:137,0
DA:138,0
DA:139,0
DA:143,0
DA:144,0
DA:145,0
DA:146,0
DA:148,0
DA:151,0
DA:155,0
DA:156,0
DA:157,0
DA:158,0
DA:159,0
DA:163,0
DA:164,0
DA:165,0
DA:166,0
DA:167,0
DA:171,0
DA:172,0
DA:173,0
DA:174,0
DA:175,0
DA:179,0
DA:182,2
DA:183,11
DA:191,11
DA:192,18
DA:195,18
DA:196,18
DA:197,334
DA:198,334
DA:199,3
DA:202,334
DA:203,334
DA:204,1
DA:207,334
DA:208,334
DA:209,1
DA:212,16
DA:213,16
DA:216,9
DA:217,28
DA:220,9
DA:221,7
DA:222,0
DA:224,7
LF:88
LH:58
BRDA:41,0,0,1
BRDA:41,0,1,109
BRDA:46,1,0,1
BRDA:54,2,0,1
BRDA:54,2,1,36
BRDA:78,3,0,3
BRDA:78,4,0,334
BRDA:78,4,1,233
BRDA:80,5,0,2
BRDA:80,5,1,1
BRDA:92,6,0,1
BRDA:103,7,0,333
BRDA:105,8,0,1
BRDA:118,9,0,1
BRDA:135,10,0,0
BRDA:143,11,0,0
BRDA:148,12,0,0
BRDA:148,12,1,0
BRDA:155,13,0,0
BRDA:163,14,0,0
BRDA:171,15,0,0
BRDA:182,16,0,1
BRDA:198,17,0,3
BRDA:203,18,0,1
BRDA:208,19,0,1
BRDA:220,20,0,7
BRDA:221,21,0,0
BRF:27
BRH:19
end_of_record
TN:
SF:src/validate/index.ts
FN:6,validate
FNF:1
FNH:1
FNDA:1,validate
DA:1,1
DA:2,1
DA:4,1
DA:6,1
DA:7,1
DA:9,1
DA:10,0
DA:12,1
DA:14,1
DA:15,0
DA:17,1
LF:11
LH:9
BRDA:9,0,0,0
BRDA:14,1,0,0
BRF:2
BRH:0
end_of_record
TN:
SF:src/validate/schemas.ts
FN:19,findSchemasInDirectory
FN:21,(anonymous_1)
FN:22,(anonymous_2)
FN:28,loadSchema
FN:38,loadMonkSchemas
FN:45,loadVehicleTypeSchemas
FN:47,(anonymous_6)
FN:52,loadSchemas
FN:54,(anonymous_8)
FNF:9
FNH:9
FNDA:12,findSchemasInDirectory
FNDA:27,(anonymous_1)
FNDA:17,(anonymous_2)
FNDA:17,loadSchema
FNDA:1,loadMonkSchemas
FNDA:1,loadVehicleTypeSchemas
FNDA:10,(anonymous_6)
FNDA:1,loadSchemas
FNDA:17,(anonymous_8)
DA:1,1
DA:3,1
DA:5,1
DA:20,12
DA:21,27
DA:22,17
DA:29,17
DA:39,1
DA:46,1
DA:47,10
DA:52,1
DA:53,1
DA:54,17
LF:13
LH:13
BRF:0
BRH:0
end_of_record
TN:
SF:src/validate/validator.ts
FN:12,(anonymous_1)
FN:19,(anonymous_2)
FN:25,(anonymous_3)
FN:39,(anonymous_4)
FN:40,(anonymous_5)
FNF:5
FNH:5
FNDA:1,(anonymous_1)
FNDA:1,(anonymous_2)
FNDA:12,(anonymous_3)
FNDA:1,(anonymous_4)
FNDA:10,(anonymous_5)
DA:1,1
DA:2,1
DA:3,1
DA:4,1
DA:6,1
DA:7,1
DA:9,1
DA:13,1
DA:20,1
DA:21,1
DA:22,1
DA:26,12
DA:27,12
DA:28,12
DA:29,0
DA:31,12
DA:32,0
DA:33,0
DA:40,1
DA:41,10
LF:20
LH:17
BRDA:28,0,0,0
BRDA:31,1,0,0
BRF:2
BRH:0
end_of_record
TN:
SF:test/test.utils.ts
FN:3,pathsEqual
FNF:1
FNH:1
FNDA:464,pathsEqual
DA:1,3
DA:3,3
DA:4,464
DA:5,464
DA:6,464
LF:5
LH:5
BRDA:6,0,0,0
BRDA:6,0,1,464
BRF:2
BRH:1
end_of_record
